#
# A fatal error has been detected by the Java Runtime Environment:
#
#  SIGSEGV (0xb) at pc=0x00007f421da2332b, pid=12635, tid=139920761165568
#
# JRE version: Java(TM) SE Runtime Environment (7.0_80-b15) (build 1.7.0_80-b15)
# Java VM: Java HotSpot(TM) 64-Bit Server VM (24.80-b11 mixed mode linux-amd64 compressed oops)
# Problematic frame:
# V  [libjvm.so+0x65a32b]  JNI_ArgumentPusherVaArg::JNI_ArgumentPusherVaArg(_jmethodID*, __va_list_tag*)+0x1b
#
# Failed to write core dump. Core dumps have been disabled. To enable core dumping, try "ulimit -c unlimited" before starting Java again
#
# If you would like to submit a bug report, please visit:
#   http://bugreport.java.com/bugreport/crash.jsp
#

---------------  T H R E A D  ---------------

Current thread (0x00007f41dc014800):  JavaThread "Thread-5" [_thread_in_vm, id=12665, stack(0x00007f41d6c41000,0x00007f41d7442000)]

siginfo:si_signo=SIGSEGV: si_errno=0, si_code=1 (SEGV_MAPERR), si_addr=0x0000000000000000

Registers:
RAX=0x00007f41d74407a0, RBX=0x00007f41d74406f0, RCX=0x00007f421da134ac, RDX=0x00007f41d7440750
RSP=0x00007f41d7440690, RBP=0x00007f41d74406c0, RSI=0x0000000000000000, RDI=0x00007f41d74406f0
R8 =0x00000000198323f7, R9 =0x000000000000003f, R10=0x00007f421e2cde20, R11=0x0000000000000000
R12=0x00007f41d7440750, R13=0x00007f41d7440730, R14=0x0000000000000000, R15=0x00007f41dc0149e8
RIP=0x00007f421da2332b, EFLAGS=0x0000000000010206, CSGSFS=0x0000000000000033, ERR=0x0000000000000004
  TRAPNO=0x000000000000000e

Top of Stack: (sp=0x00007f41d7440690)
0x00007f41d7440690:   0000003000000028 00007f41d74407a0
0x00007f41d74406a0:   00007f41d74406f0 00007f41dc014800
0x00007f41d74406b0:   00007f41d7440730 0000000000000000
0x00007f41d74406c0:   00007f41d7440880 00007f421da1357c
0x00007f41d74406d0:   0000000000000660 00000000000003c0
0x00007f41d74406e0:   00007f41d7440760 00007f42180ff500
0x00007f41d74406f0:   00007f41d74406d8 0000000800000002
0x00007f41d7440700:   00000000bd001f01 00000000bd001fb0
0x00007f41d7440710:   00007f41d7440740 00007f41f9d8060a
0x00007f41d7440720:   00007f41dc014800 00007f421196b580
0x00007f41d7440730:   00007f41dc014800 00007f41dc011aa0
0x00007f41d7440740:   00007f4100000660 00007f421ddc8e10
0x00007f41d7440750:   0000003000000018 00007f41d7440890
0x00007f41d7440760:   00007f41d74407a0 00007f41dc011aa0
0x00007f41d7440770:   00007f420000000e 00007f421196e5e0
0x00007f41d7440780:   00007f41dc014800 00007f41dc014800
0x00007f41d7440790:   00007f41dc014800 00007f421da19325
0x00007f41d74407a0:   00000000ec8653a0 00007f41dc014800
0x00007f41d74407b0:   00007f41f9d8060a 00000000ffffffff
0x00007f41d74407c0:   00000000198323f7 000000000000003f
0x00007f41d74407d0:   00007f41dc014800 00007f41f94d45d9
0x00007f41d74407e0:   00007f41d7440820 00007f41f94d3b1c
0x00007f41d74407f0:   00007f41dc014800 0000000000000003
0x00007f41d7440800:   00000001d7440880 00007f41f9d805c2
0x00007f41d7440810:   00007f41d7440880 00007f41d8011ee0
0x00007f41d7440820:   00007f41f9d805c2 00007f41d800b350
0x00007f41d7440830:   00007f41d800b370 00007f41d800b350
0x00007f41d7440840:   00007f41d800b370 00007f41f9520019
0x00007f41d7440850:   00007f41d800b350 00007f41f9f82200
0x00007f41d7440860:   00007f41d80119c0 00007f41ec018e70
0x00007f41d7440870:   00007f421da13430 0000000000000000
0x00007f41d7440880:   00007f41d8011ee0 00007f41f9d7e8a2 

Instructions: (pc=0x00007f421da2332b)
0x00007f421da2330b:   ff ff ff 90 90 55 48 89 e5 48 89 5d e0 4c 89 65
0x00007f421da2331b:   e8 49 89 d4 4c 89 6d f0 4c 89 75 f8 48 83 ec 30
0x00007f421da2332b:   48 8b 06 48 89 fb 48 8b 40 10 0f b7 50 3a 48 8b
0x00007f421da2333b:   48 20 4c 63 ea 4e 8d 74 e9 40 49 8b 06 48 89 45 

Register to memory mapping:

RAX=0x00007f41d74407a0 is pointing into the stack for thread: 0x00007f41dc014800
RBX=0x00007f41d74406f0 is pointing into the stack for thread: 0x00007f41dc014800
RCX=0x00007f421da134ac: <offset 0x64a4ac> in /usr/lib/jvm/java-7-oracle/jre/lib/amd64/server/libjvm.so at 0x00007f421d3c9000
RDX=0x00007f41d7440750 is pointing into the stack for thread: 0x00007f41dc014800
RSP=0x00007f41d7440690 is pointing into the stack for thread: 0x00007f41dc014800
RBP=0x00007f41d74406c0 is pointing into the stack for thread: 0x00007f41dc014800
RSI=0x0000000000000000 is an unknown value
RDI=0x00007f41d74406f0 is pointing into the stack for thread: 0x00007f41dc014800
R8 =0x00000000198323f7 is an unknown value
R9 =0x000000000000003f is an unknown value
R10=0x00007f421e2cde20: <offset 0x8ae20> in /lib/x86_64-linux-gnu/libc.so.6 at 0x00007f421e243000
R11=0x0000000000000000 is an unknown value
R12=0x00007f41d7440750 is pointing into the stack for thread: 0x00007f41dc014800
R13=0x00007f41d7440730 is pointing into the stack for thread: 0x00007f41dc014800
R14=0x0000000000000000 is an unknown value
R15=0x00007f41dc0149e8 is an unknown value


Stack: [0x00007f41d6c41000,0x00007f41d7442000],  sp=0x00007f41d7440690,  free space=8189k
Native frames: (J=compiled Java code, j=interpreted, Vv=VM code, C=native code)
V  [libjvm.so+0x65a32b]  JNI_ArgumentPusherVaArg::JNI_ArgumentPusherVaArg(_jmethodID*, __va_list_tag*)+0x1b
V  [libjvm.so+0x64a57c]  jni_CallVoidMethod+0x14c


---------------  P R O C E S S  ---------------

Java Threads: ( => current thread )
=>0x00007f41dc014800 JavaThread "Thread-5" [_thread_in_vm, id=12665, stack(0x00007f41d6c41000,0x00007f41d7442000)]
  0x00007f421800d000 JavaThread "DestroyJavaVM" [_thread_blocked, id=12637, stack(0x00007f421ed45000,0x00007f421ee46000)]
  0x00007f4218317800 JavaThread "AWT-EventQueue-0" [_thread_blocked, id=12664, stack(0x00007f41f83a8000,0x00007f41f84a9000)]
  0x00007f421831e000 JavaThread "AWT-Shutdown" [_thread_blocked, id=12663, stack(0x00007f41f84a9000,0x00007f41f85aa000)]
  0x00007f421828b000 JavaThread "AWT-XAWT" daemon [_thread_in_native, id=12661, stack(0x00007f41fa184000,0x00007f41fa285000)]
  0x00007f4218268800 JavaThread "Java2D Disposer" daemon [_thread_blocked, id=12660, stack(0x00007f41fa695000,0x00007f41fa796000)]
  0x00007f42181a3000 JavaThread "Service Thread" daemon [_thread_blocked, id=12658, stack(0x00007f41fb5f0000,0x00007f41fb6f1000)]
  0x00007f42181a0800 JavaThread "C2 CompilerThread1" daemon [_thread_blocked, id=12657, stack(0x00007f41fb6f1000,0x00007f41fb7f2000)]
  0x00007f421819e000 JavaThread "C2 CompilerThread0" daemon [_thread_blocked, id=12656, stack(0x00007f41fb7f2000,0x00007f41fb8f3000)]
  0x00007f41f0001000 JavaThread "JDWP Command Reader" daemon [_thread_in_native, id=12654, stack(0x00007f41fb8f3000,0x00007f41fb9f4000)]
  0x00007f421819c000 JavaThread "JDWP Event Helper Thread" daemon [_thread_blocked, id=12652, stack(0x00007f41fb9f4000,0x00007f41fbaf5000)]
  0x00007f4218198000 JavaThread "JDWP Transport Listener: dt_socket" daemon [_thread_blocked, id=12650, stack(0x00007f41fbaf5000,0x00007f41fbbf6000)]
  0x00007f4218116000 JavaThread "Signal Dispatcher" daemon [_thread_blocked, id=12647, stack(0x00007f42109dc000,0x00007f4210add000)]
  0x00007f42180f6000 JavaThread "Finalizer" daemon [_thread_blocked, id=12646, stack(0x00007f4210add000,0x00007f4210bde000)]
  0x00007f42180f4000 JavaThread "Reference Handler" daemon [_thread_blocked, id=12645, stack(0x00007f4210bde000,0x00007f4210cdf000)]

Other Threads:
  0x00007f42180ef800 VMThread [stack: 0x00007f4210cdf000,0x00007f4210de0000] [id=12644]
  0x00007f42181ae000 WatcherThread [stack: 0x00007f41fb4ef000,0x00007f41fb5f0000] [id=12659]

VM state:not at safepoint (normal execution)

VM Mutex/Monitor currently owned by a thread: None

Heap
 PSYoungGen      total 18944K, used 4734K [0x00000000eb600000, 0x00000000edb00000, 0x0000000100000000)
  eden space 16384K, 13% used [0x00000000eb600000,0x00000000eb822fd0,0x00000000ec600000)
  from space 2560K, 99% used [0x00000000ec600000,0x00000000ec87cc10,0x00000000ec880000)
  to   space 2560K, 0% used [0x00000000ed880000,0x00000000ed880000,0x00000000edb00000)
 ParOldGen       total 41984K, used 1803K [0x00000000c2200000, 0x00000000c4b00000, 0x00000000eb600000)
  object space 41984K, 4% used [0x00000000c2200000,0x00000000c23c2d80,0x00000000c4b00000)
 PSPermGen       total 21504K, used 13448K [0x00000000bd000000, 0x00000000be500000, 0x00000000c2200000)
  object space 21504K, 62% used [0x00000000bd000000,0x00000000bdd220c8,0x00000000be500000)

Card table byte_map: [0x00007f42140d2000,0x00007f42142eb000] byte_map_base: 0x00007f4213aea000

Polling page: 0x00007f421ee64000

Code Cache  [0x00007f42142eb000, 0x00007f421455b000, 0x00007f42172eb000)
 total_blobs=487 nmethods=34 adapters=416 free_code_cache=48549Kb largest_free_block=49693632

Compilation events (10 events):
Event: 2,403 Thread 0x00007f42181a0800   29             java.util.Hashtable::rehash (168 bytes)
Event: 2,411 Thread 0x00007f42181a0800 nmethod 29 0x00007f421437ae50 code [0x00007f421437afe0, 0x00007f421437b3f8]
Event: 5,194 Thread 0x00007f421819e000   30             java.lang.Enum::ordinal (5 bytes)
Event: 5,195 Thread 0x00007f421819e000 nmethod 30 0x00007f4214380110 code [0x00007f4214380240, 0x00007f4214380298]
Event: 5,209 Thread 0x00007f42181a0800   31             sun.util.logging.PlatformLogger$Level::intValue (9 bytes)
Event: 5,210 Thread 0x00007f42181a0800 nmethod 31 0x00007f421437fe50 code [0x00007f421437ff80, 0x00007f421437fff8]
Event: 7,273 Thread 0x00007f421819e000   33             java.lang.Class::searchMethods (90 bytes)
Event: 7,279 Thread 0x00007f42181a0800   34             java.lang.reflect.Method::getName (5 bytes)
Event: 7,279 Thread 0x00007f42181a0800 nmethod 34 0x00007f42143854d0 code [0x00007f4214385600, 0x00007f4214385658]
Event: 7,280 Thread 0x00007f421819e000 nmethod 33 0x00007f421437bcd0 code [0x00007f421437be80, 0x00007f421437c290]

GC Heap History (2 events):
Event: 0,992 GC heap before
{Heap before GC invocations=1 (full 0):
 PSYoungGen      total 18944K, used 16384K [0x00000000eb600000, 0x00000000ecb00000, 0x0000000100000000)
  eden space 16384K, 100% used [0x00000000eb600000,0x00000000ec600000,0x00000000ec600000)
  from space 2560K, 0% used [0x00000000ec880000,0x00000000ec880000,0x00000000ecb00000)
  to   space 2560K, 0% used [0x00000000ec600000,0x00000000ec600000,0x00000000ec880000)
 ParOldGen       total 41984K, used 0K [0x00000000c2200000, 0x00000000c4b00000, 0x00000000eb600000)
  object space 41984K, 0% used [0x00000000c2200000,0x00000000c2200000,0x00000000c4b00000)
 PSPermGen       total 21504K, used 13193K [0x00000000bd000000, 0x00000000be500000, 0x00000000c2200000)
  object space 21504K, 61% used [0x00000000bd000000,0x00000000bdce2678,0x00000000be500000)
Event: 1,008 GC heap after
Heap after GC invocations=1 (full 0):
 PSYoungGen      total 18944K, used 2547K [0x00000000eb600000, 0x00000000edb00000, 0x0000000100000000)
  eden space 16384K, 0% used [0x00000000eb600000,0x00000000eb600000,0x00000000ec600000)
  from space 2560K, 99% used [0x00000000ec600000,0x00000000ec87cc10,0x00000000ec880000)
  to   space 2560K, 0% used [0x00000000ed880000,0x00000000ed880000,0x00000000edb00000)
 ParOldGen       total 41984K, used 1803K [0x00000000c2200000, 0x00000000c4b00000, 0x00000000eb600000)
  object space 41984K, 4% used [0x00000000c2200000,0x00000000c23c2d80,0x00000000c4b00000)
 PSPermGen       total 21504K, used 13193K [0x00000000bd000000, 0x00000000be500000, 0x00000000c2200000)
  object space 21504K, 61% used [0x00000000bd000000,0x00000000bdce2678,0x00000000be500000)
}

Deoptimization events (10 events):
Event: 0,503 Thread 0x00007f421800d000 Uncommon trap: reason=unstable_if action=reinterpret pc=0x00007f4214361150 method=java.lang.String.startsWith(Ljava/lang/String;I)Z @ 25
Event: 0,511 Thread 0x00007f421800d000 Uncommon trap: reason=unstable_if action=reinterpret pc=0x00007f421434c010 method=java.lang.String.indexOf(II)I @ 49
Event: 0,565 Thread 0x00007f421800d000 Uncommon trap: reason=unstable_if action=reinterpret pc=0x00007f421435e338 method=sun.nio.cs.UTF_8$Encoder.encode([CII[B)I @ 33
Event: 0,627 Thread 0x00007f421800d000 Uncommon trap: reason=unstable_if action=reinterpret pc=0x00007f421436195c method=java.lang.String.replace(CC)Ljava/lang/String; @ 26
Event: 0,649 Thread 0x00007f421800d000 Uncommon trap: reason=unstable_if action=reinterpret pc=0x00007f421436e83c method=java.util.Properties$LineReader.readLine()I @ 369
Event: 0,797 Thread 0x00007f4218317800 Uncommon trap: reason=class_check action=maybe_recompile pc=0x00007f4214365480 method=java.lang.String.equals(Ljava/lang/Object;)Z @ 8
Event: 0,798 Thread 0x00007f4218317800 Uncommon trap: reason=class_check action=maybe_recompile pc=0x00007f4214365480 method=java.lang.String.equals(Ljava/lang/Object;)Z @ 8
Event: 0,829 Thread 0x00007f41d8024000 Uncommon trap: reason=unstable_if action=reinterpret pc=0x00007f421435b8b4 method=java.lang.String.indexOf([CII[CIII)I @ 3
Event: 0,846 Thread 0x00007f4218317800 Uncommon trap: reason=class_check action=maybe_recompile pc=0x00007f4214365480 method=java.lang.String.equals(Ljava/lang/Object;)Z @ 8
Event: 0,846 Thread 0x00007f4218317800 Uncommon trap: reason=class_check action=maybe_recompile pc=0x00007f4214365480 method=java.lang.String.equals(Ljava/lang/Object;)Z @ 8

Internal exceptions (10 events):
Event: 0,680 Thread 0x00007f4218317800 Threw 0x00000000ebe8faf0 at /HUDSON/workspace/7u-2-build-linux-amd64/jdk7u80/2329/hotspot/src/share/vm/prims/jvm.cpp:1319
Event: 0,682 Thread 0x00007f4218317800 Threw 0x00000000ebe94958 at /HUDSON/workspace/7u-2-build-linux-amd64/jdk7u80/2329/hotspot/src/share/vm/prims/jvm.cpp:1319
Event: 0,684 Thread 0x00007f4218317800 Threw 0x00000000ebea56f8 at /HUDSON/workspace/7u-2-build-linux-amd64/jdk7u80/2329/hotspot/src/share/vm/prims/jvm.cpp:1319
Event: 0,714 Thread 0x00007f4218317800 Threw 0x00000000ebeacde8 at /HUDSON/workspace/7u-2-build-linux-amd64/jdk7u80/2329/hotspot/src/share/vm/prims/jvm.cpp:1319
Event: 0,766 Thread 0x00007f4218317800 Threw 0x00000000ec496a18 at /HUDSON/workspace/7u-2-build-linux-amd64/jdk7u80/2329/hotspot/src/share/vm/prims/jvm.cpp:1319
Event: 0,778 Thread 0x00007f41dc011800 Threw 0x00000000ec4e73f8 at /HUDSON/workspace/7u-2-build-linux-amd64/jdk7u80/2329/hotspot/src/share/vm/prims/jvm.cpp:1319
Event: 0,979 Thread 0x00007f4218317800 Threw 0x00000000ec5ee050 at /HUDSON/workspace/7u-2-build-linux-amd64/jdk7u80/2329/hotspot/src/share/vm/prims/jni.cpp:743
Event: 8,012 Thread 0x00007f41dc014800 Threw 0x00000000eb754028 at /HUDSON/workspace/7u-2-build-linux-amd64/jdk7u80/2329/hotspot/src/share/vm/prims/jvm.cpp:1319
Event: 13,012 Thread 0x00007f41dc014800 Threw 0x00000000eb79aca0 at /HUDSON/workspace/7u-2-build-linux-amd64/jdk7u80/2329/hotspot/src/share/vm/prims/jvm.cpp:1319
Event: 13,020 Thread 0x00007f41dc014800 Threw 0x00000000eb7ec700 at /HUDSON/workspace/7u-2-build-linux-amd64/jdk7u80/2329/hotspot/src/share/vm/prims/jni.cpp:1632

Events (10 events):
Event: 13,011 Thread 0x00007f41dc014800 Thread added: 0x00007f41dc014800
Event: 13,011 loading class 0x00007f41d8011170
Event: 13,011 loading class 0x00007f41d8011170 done
Event: 13,012 Thread 0x00007f41dc014800 Thread exited: 0x00007f41dc014800
Event: 13,014 Thread 0x00007f41d8024000 Thread added: 0x00007f41d8024000
Event: 13,017 Thread 0x00007f41d8035000 Thread added: 0x00007f41d8035000
Event: 13,017 loading class 0x00007f41e4018ba0
Event: 13,017 loading class 0x00007f41e4018ba0 done
Event: 13,020 Thread 0x00007f41d8035800 Thread added: 0x00007f41d8035800
Event: 13,020 Thread 0x00007f41dc014800 Thread added: 0x00007f41dc014800


Dynamic libraries:
00400000-00401000 r-xp 00000000 08:03 6301707                            /usr/lib/jvm/java-7-oracle/bin/java
00600000-00601000 rw-p 00000000 08:03 6301707                            /usr/lib/jvm/java-7-oracle/bin/java
021cb000-0220f000 rw-p 00000000 00:00 0                                  [heap]
bd000000-be500000 rw-p 00000000 00:00 0 
be500000-c2200000 rw-p 00000000 00:00 0 
c2200000-c4b00000 rw-p 00000000 00:00 0 
c4b00000-eb600000 rw-p 00000000 00:00 0 
eb600000-edb00000 rw-p 00000000 00:00 0 
edb00000-100000000 rw-p 00000000 00:00 0 
7f41d0000000-7f41d0021000 rw-p 00000000 00:00 0 
7f41d0021000-7f41d4000000 ---p 00000000 00:00 0 
7f41d561f000-7f41d5868000 rw-p 00000000 00:00 0 
7f41d5868000-7f41d586b000 ---p 00000000 00:00 0 
7f41d586b000-7f41d5969000 rw-p 00000000 00:00 0 
7f41d5969000-7f41d5b3e000 rw-s 00000000 00:05 9830419                    /SYSV00000000 (deleted)
7f41d5b3e000-7f41d5b41000 ---p 00000000 00:00 0 
7f41d5b41000-7f41d5c3f000 rw-p 00000000 00:00 0 
7f41d5c3f000-7f41d5c40000 ---p 00000000 00:00 0 
7f41d5c40000-7f41d6440000 rw-p 00000000 00:00 0                          [stack:12667]
7f41d6440000-7f41d6441000 ---p 00000000 00:00 0 
7f41d6441000-7f41d6c41000 rw-p 00000000 00:00 0                          [stack:12666]
7f41d6c41000-7f41d6c44000 ---p 00000000 00:00 0 
7f41d6c44000-7f41d7442000 rw-p 00000000 00:00 0                          [stack:12665]
7f41d7442000-7f41d74ab000 r-xp 00000000 08:03 6043496                    /usr/lib/jvm/java-7-oracle/jre/lib/amd64/libt2k.so
7f41d74ab000-7f41d76aa000 ---p 00069000 08:03 6043496                    /usr/lib/jvm/java-7-oracle/jre/lib/amd64/libt2k.so
7f41d76aa000-7f41d76b1000 rw-p 00068000 08:03 6043496                    /usr/lib/jvm/java-7-oracle/jre/lib/amd64/libt2k.so
7f41d76b1000-7f41d76c1000 rw-p 00000000 00:00 0 
7f41d76c1000-7f41d76d1000 r-xp 00000000 08:03 6043457                    /usr/lib/jvm/java-7-oracle/jre/lib/amd64/libnio.so
7f41d76d1000-7f41d78d1000 ---p 00010000 08:03 6043457                    /usr/lib/jvm/java-7-oracle/jre/lib/amd64/libnio.so
7f41d78d1000-7f41d78d2000 rw-p 00010000 08:03 6043457                    /usr/lib/jvm/java-7-oracle/jre/lib/amd64/libnio.so
7f41d78d2000-7f41d7bd3000 rw-p 00000000 00:00 0 
7f41d7bd3000-7f41d7bea000 r-xp 00000000 08:03 6043491                    /usr/lib/jvm/java-7-oracle/jre/lib/amd64/libnet.so
7f41d7bea000-7f41d7de9000 ---p 00017000 08:03 6043491                    /usr/lib/jvm/java-7-oracle/jre/lib/amd64/libnet.so
7f41d7de9000-7f41d7dea000 rw-p 00016000 08:03 6043491                    /usr/lib/jvm/java-7-oracle/jre/lib/amd64/libnet.so
7f41d7dea000-7f41d7e00000 r-xp 00000000 08:03 6302037                    /lib/x86_64-linux-gnu/libgcc_s.so.1
7f41d7e00000-7f41d7fff000 ---p 00016000 08:03 6302037                    /lib/x86_64-linux-gnu/libgcc_s.so.1
7f41d7fff000-7f41d8000000 rw-p 00015000 08:03 6302037                    /lib/x86_64-linux-gnu/libgcc_s.so.1
7f41d8000000-7f41d803a000 rw-p 00000000 00:00 0 
7f41d803a000-7f41dc000000 ---p 00000000 00:00 0 
7f41dc000000-7f41dc021000 rw-p 00000000 00:00 0 
7f41dc021000-7f41e0000000 ---p 00000000 00:00 0 
7f41e0000000-7f41e0236000 rw-p 00000000 00:00 0 
7f41e0236000-7f41e4000000 ---p 00000000 00:00 0 
7f41e4000000-7f41e423e000 rw-p 00000000 00:00 0 
7f41e423e000-7f41e8000000 ---p 00000000 00:00 0 
7f41e8000000-7f41e8021000 rw-p 00000000 00:00 0 
7f41e8021000-7f41ec000000 ---p 00000000 00:00 0 
7f41ec000000-7f41ec03f000 rw-p 00000000 00:00 0 
7f41ec03f000-7f41f0000000 ---p 00000000 00:00 0 
7f41f0000000-7f41f0021000 rw-p 00000000 00:00 0 
7f41f0021000-7f41f4000000 ---p 00000000 00:00 0 
7f41f4000000-7f41f4021000 rw-p 00000000 00:00 0 
7f41f4021000-7f41f8000000 ---p 00000000 00:00 0 
7f41f8015000-7f41f8018000 ---p 00000000 00:00 0 
7f41f8018000-7f41f8116000 rw-p 00000000 00:00 0 
7f41f8116000-7f41f812f000 r--p 00000000 08:03 403521                     /usr/share/locale-langpack/pt/LC_MESSAGES/glib20.mo
7f41f812f000-7f41f8194000 r-xp 00000000 08:03 6043455                    /usr/lib/jvm/java-7-oracle/jre/lib/amd64/libfontmanager.so
7f41f8194000-7f41f8393000 ---p 00065000 08:03 6043455                    /usr/lib/jvm/java-7-oracle/jre/lib/amd64/libfontmanager.so
7f41f8393000-7f41f8398000 rw-p 00064000 08:03 6043455                    /usr/lib/jvm/java-7-oracle/jre/lib/amd64/libfontmanager.so
7f41f8398000-7f41f83a8000 rw-p 00000000 00:00 0 
7f41f83a8000-7f41f83ab000 ---p 00000000 00:00 0 
7f41f83ab000-7f41f84a9000 rw-p 00000000 00:00 0                          [stack:12664]
7f41f84a9000-7f41f84ac000 ---p 00000000 00:00 0 
7f41f84ac000-7f41f85aa000 rw-p 00000000 00:00 0                          [stack:12663]
7f41f85aa000-7f41f8616000 r-xp 00000000 08:03 6295819                    /lib/x86_64-linux-gnu/libpcre.so.3.13.1
7f41f8616000-7f41f8815000 ---p 0006c000 08:03 6295819                    /lib/x86_64-linux-gnu/libpcre.so.3.13.1
7f41f8815000-7f41f8816000 r--p 0006b000 08:03 6295819                    /lib/x86_64-linux-gnu/libpcre.so.3.13.1
7f41f8816000-7f41f8817000 rw-p 0006c000 08:03 6295819                    /lib/x86_64-linux-gnu/libpcre.so.3.13.1
7f41f8817000-7f41f881e000 r-xp 00000000 08:03 6038420                    /usr/lib/x86_64-linux-gnu/libffi.so.6.0.4
7f41f881e000-7f41f8a1d000 ---p 00007000 08:03 6038420                    /usr/lib/x86_64-linux-gnu/libffi.so.6.0.4
7f41f8a1d000-7f41f8a1e000 r--p 00006000 08:03 6038420                    /usr/lib/x86_64-linux-gnu/libffi.so.6.0.4
7f41f8a1e000-7f41f8a1f000 rw-p 00007000 08:03 6038420                    /usr/lib/x86_64-linux-gnu/libffi.so.6.0.4
7f41f8a1f000-7f41f8a36000 r-xp 00000000 08:03 6295894                    /lib/x86_64-linux-gnu/libresolv-2.21.so
7f41f8a36000-7f41f8c36000 ---p 00017000 08:03 6295894                    /lib/x86_64-linux-gnu/libresolv-2.21.so
7f41f8c36000-7f41f8c38000 r--p 00017000 08:03 6295894                    /lib/x86_64-linux-gnu/libresolv-2.21.so
7f41f8c38000-7f41f8c39000 rw-p 00019000 08:03 6295894                    /lib/x86_64-linux-gnu/libresolv-2.21.so
7f41f8c39000-7f41f8c3b000 rw-p 00000000 00:00 0 
7f41f8c3b000-7f41f8c5c000 r-xp 00000000 08:03 6295898                    /lib/x86_64-linux-gnu/libselinux.so.1
7f41f8c5c000-7f41f8e5b000 ---p 00021000 08:03 6295898                    /lib/x86_64-linux-gnu/libselinux.so.1
7f41f8e5b000-7f41f8e5c000 r--p 00020000 08:03 6295898                    /lib/x86_64-linux-gnu/libselinux.so.1
7f41f8e5c000-7f41f8e5d000 rw-p 00021000 08:03 6295898                    /lib/x86_64-linux-gnu/libselinux.so.1
7f41f8e5d000-7f41f8e5f000 rw-p 00000000 00:00 0 
7f41f8e5f000-7f41f8e78000 r-xp 00000000 08:03 6295929                    /lib/x86_64-linux-gnu/libz.so.1.2.8
7f41f8e78000-7f41f9078000 ---p 00019000 08:03 6295929                    /lib/x86_64-linux-gnu/libz.so.1.2.8
7f41f9078000-7f41f9079000 r--p 00019000 08:03 6295929                    /lib/x86_64-linux-gnu/libz.so.1.2.8
7f41f9079000-7f41f907a000 rw-p 0001a000 08:03 6295929                    /lib/x86_64-linux-gnu/libz.so.1.2.8
7f41f907a000-7f41f907d000 r-xp 00000000 08:03 6029735                    /usr/lib/x86_64-linux-gnu/libgmodule-2.0.so.0.4400.1
7f41f907d000-7f41f927c000 ---p 00003000 08:03 6029735                    /usr/lib/x86_64-linux-gnu/libgmodule-2.0.so.0.4400.1
7f41f927c000-7f41f927d000 r--p 00002000 08:03 6029735                    /usr/lib/x86_64-linux-gnu/libgmodule-2.0.so.0.4400.1
7f41f927d000-7f41f927e000 rw-p 00003000 08:03 6029735                    /usr/lib/x86_64-linux-gnu/libgmodule-2.0.so.0.4400.1
7f41f927e000-7f41f9298000 r-xp 00000000 08:03 6038332                    /usr/lib/x86_64-linux-gnu/libdbusmenu-glib.so.4.0.12
7f41f9298000-7f41f9498000 ---p 0001a000 08:03 6038332                    /usr/lib/x86_64-linux-gnu/libdbusmenu-glib.so.4.0.12
7f41f9498000-7f41f949a000 r--p 0001a000 08:03 6038332                    /usr/lib/x86_64-linux-gnu/libdbusmenu-glib.so.4.0.12
7f41f949a000-7f41f949b000 rw-p 0001c000 08:03 6038332                    /usr/lib/x86_64-linux-gnu/libdbusmenu-glib.so.4.0.12
7f41f949b000-7f41f95a8000 r-xp 00000000 08:03 6295659                    /lib/x86_64-linux-gnu/libglib-2.0.so.0.4400.1
7f41f95a8000-7f41f97a7000 ---p 0010d000 08:03 6295659                    /lib/x86_64-linux-gnu/libglib-2.0.so.0.4400.1
7f41f97a7000-7f41f97a8000 r--p 0010c000 08:03 6295659                    /lib/x86_64-linux-gnu/libglib-2.0.so.0.4400.1
7f41f97a8000-7f41f97a9000 rw-p 0010d000 08:03 6295659                    /lib/x86_64-linux-gnu/libglib-2.0.so.0.4400.1
7f41f97a9000-7f41f97aa000 rw-p 00000000 00:00 0 
7f41f97aa000-7f41f97fa000 r-xp 00000000 08:03 6029695                    /usr/lib/x86_64-linux-gnu/libgobject-2.0.so.0.4400.1
7f41f97fa000-7f41f99fa000 ---p 00050000 08:03 6029695                    /usr/lib/x86_64-linux-gnu/libgobject-2.0.so.0.4400.1
7f41f99fa000-7f41f99fb000 r--p 00050000 08:03 6029695                    /usr/lib/x86_64-linux-gnu/libgobject-2.0.so.0.4400.1
7f41f99fb000-7f41f99fc000 rw-p 00051000 08:03 6029695                    /usr/lib/x86_64-linux-gnu/libgobject-2.0.so.0.4400.1
7f41f99fc000-7f41f9b74000 r-xp 00000000 08:03 6029717                    /usr/lib/x86_64-linux-gnu/libgio-2.0.so.0.4400.1
7f41f9b74000-7f41f9d74000 ---p 00178000 08:03 6029717                    /usr/lib/x86_64-linux-gnu/libgio-2.0.so.0.4400.1
7f41f9d74000-7f41f9d78000 r--p 00178000 08:03 6029717                    /usr/lib/x86_64-linux-gnu/libgio-2.0.so.0.4400.1
7f41f9d78000-7f41f9d7a000 rw-p 0017c000 08:03 6029717                    /usr/lib/x86_64-linux-gnu/libgio-2.0.so.0.4400.1
7f41f9d7a000-7f41f9d7c000 rw-p 00000000 00:00 0 
7f41f9d7c000-7f41f9d82000 r-xp 00000000 08:03 6034845                    /usr/lib/jayatana/libjayatana.so
7f41f9d82000-7f41f9f81000 ---p 00006000 08:03 6034845                    /usr/lib/jayatana/libjayatana.so
7f41f9f81000-7f41f9f82000 r--p 00005000 08:03 6034845                    /usr/lib/jayatana/libjayatana.so
7f41f9f82000-7f41f9f83000 rw-p 00006000 08:03 6034845                    /usr/lib/jayatana/libjayatana.so
7f41f9f83000-7f41f9f84000 r-xp 00000000 08:03 6043471                    /usr/lib/jvm/java-7-oracle/jre/lib/amd64/libjawt.so
7f41f9f84000-7f41fa183000 ---p 00001000 08:03 6043471                    /usr/lib/jvm/java-7-oracle/jre/lib/amd64/libjawt.so
7f41fa183000-7f41fa184000 rw-p 00000000 08:03 6043471                    /usr/lib/jvm/java-7-oracle/jre/lib/amd64/libjawt.so
7f41fa184000-7f41fa187000 ---p 00000000 00:00 0 
7f41fa187000-7f41fa285000 rw-p 00000000 00:00 0                          [stack:12661]
7f41fa285000-7f41fa28a000 r-xp 00000000 08:03 6038116                    /usr/lib/x86_64-linux-gnu/libXfixes.so.3.1.0
7f41fa28a000-7f41fa489000 ---p 00005000 08:03 6038116                    /usr/lib/x86_64-linux-gnu/libXfixes.so.3.1.0
7f41fa489000-7f41fa48a000 r--p 00004000 08:03 6038116                    /usr/lib/x86_64-linux-gnu/libXfixes.so.3.1.0
7f41fa48a000-7f41fa48b000 rw-p 00005000 08:03 6038116                    /usr/lib/x86_64-linux-gnu/libXfixes.so.3.1.0
7f41fa48b000-7f41fa494000 r-xp 00000000 08:03 6038108                    /usr/lib/x86_64-linux-gnu/libXcursor.so.1.0.2
7f41fa494000-7f41fa693000 ---p 00009000 08:03 6038108                    /usr/lib/x86_64-linux-gnu/libXcursor.so.1.0.2
7f41fa693000-7f41fa694000 r--p 00008000 08:03 6038108                    /usr/lib/x86_64-linux-gnu/libXcursor.so.1.0.2
7f41fa694000-7f41fa695000 rw-p 00009000 08:03 6038108                    /usr/lib/x86_64-linux-gnu/libXcursor.so.1.0.2
7f41fa695000-7f41fa698000 ---p 00000000 00:00 0 
7f41fa698000-7f41fa796000 rw-p 00000000 00:00 0                          [stack:12660]
7f41fa796000-7f41fa7a5000 r-xp 00000000 08:03 6038122                    /usr/lib/x86_64-linux-gnu/libXi.so.6.1.0
7f41fa7a5000-7f41fa9a4000 ---p 0000f000 08:03 6038122                    /usr/lib/x86_64-linux-gnu/libXi.so.6.1.0
7f41fa9a4000-7f41fa9a5000 r--p 0000e000 08:03 6038122                    /usr/lib/x86_64-linux-gnu/libXi.so.6.1.0
7f41fa9a5000-7f41fa9a6000 rw-p 0000f000 08:03 6038122                    /usr/lib/x86_64-linux-gnu/libXi.so.6.1.0
7f41fa9a6000-7f41fa9ab000 r-xp 00000000 08:03 6038142                    /usr/lib/x86_64-linux-gnu/libXtst.so.6.1.0
7f41fa9ab000-7f41fabaa000 ---p 00005000 08:03 6038142                    /usr/lib/x86_64-linux-gnu/libXtst.so.6.1.0
7f41fabaa000-7f41fabab000 r--p 00004000 08:03 6038142                    /usr/lib/x86_64-linux-gnu/libXtst.so.6.1.0
7f41fabab000-7f41fabac000 rw-p 00005000 08:03 6038142                    /usr/lib/x86_64-linux-gnu/libXtst.so.6.1.0
7f41fabac000-7f41fabb5000 r-xp 00000000 08:03 6038136                    /usr/lib/x86_64-linux-gnu/libXrender.so.1.3.0
7f41fabb5000-7f41fadb4000 ---p 00009000 08:03 6038136                    /usr/lib/x86_64-linux-gnu/libXrender.so.1.3.0
7f41fadb4000-7f41fadb5000 r--p 00008000 08:03 6038136                    /usr/lib/x86_64-linux-gnu/libXrender.so.1.3.0
7f41fadb5000-7f41fadb6000 rw-p 00009000 08:03 6038136                    /usr/lib/x86_64-linux-gnu/libXrender.so.1.3.0
7f41fadb6000-7f41fadc7000 r-xp 00000000 08:03 6038114                    /usr/lib/x86_64-linux-gnu/libXext.so.6.4.0
7f41fadc7000-7f41fafc6000 ---p 00011000 08:03 6038114                    /usr/lib/x86_64-linux-gnu/libXext.so.6.4.0
7f41fafc6000-7f41fafc7000 r--p 00010000 08:03 6038114                    /usr/lib/x86_64-linux-gnu/libXext.so.6.4.0
7f41fafc7000-7f41fafc8000 rw-p 00011000 08:03 6038114                    /usr/lib/x86_64-linux-gnu/libXext.so.6.4.0
7f41fafc8000-7f41fb018000 r-xp 00000000 08:03 6043470                    /usr/lib/jvm/java-7-oracle/jre/lib/amd64/xawt/libmawt.so
7f41fb018000-7f41fb218000 ---p 00050000 08:03 6043470                    /usr/lib/jvm/java-7-oracle/jre/lib/amd64/xawt/libmawt.so
7f41fb218000-7f41fb21c000 rw-p 00050000 08:03 6043470                    /usr/lib/jvm/java-7-oracle/jre/lib/amd64/xawt/libmawt.so
7f41fb21c000-7f41fb21d000 rw-p 00000000 00:00 0 
7f41fb21d000-7f41fb2bf000 r-xp 00000000 08:03 6043490                    /usr/lib/jvm/java-7-oracle/jre/lib/amd64/libawt.so
7f41fb2bf000-7f41fb4bf000 ---p 000a2000 08:03 6043490                    /usr/lib/jvm/java-7-oracle/jre/lib/amd64/libawt.so
7f41fb4bf000-7f41fb4cb000 rw-p 000a2000 08:03 6043490                    /usr/lib/jvm/java-7-oracle/jre/lib/amd64/libawt.so
7f41fb4cb000-7f41fb4ef000 rw-p 00000000 00:00 0 
7f41fb4ef000-7f41fb4f0000 ---p 00000000 00:00 0 
7f41fb4f0000-7f41fb5f0000 rw-p 00000000 00:00 0                          [stack:12659]
7f41fb5f0000-7f41fb5f3000 ---p 00000000 00:00 0 
7f41fb5f3000-7f41fb6f1000 rw-p 00000000 00:00 0                          [stack:12658]
7f41fb6f1000-7f41fb6f4000 ---p 00000000 00:00 0 
7f41fb6f4000-7f41fb7f2000 rw-p 00000000 00:00 0                          [stack:12657]
7f41fb7f2000-7f41fb7f5000 ---p 00000000 00:00 0 
7f41fb7f5000-7f41fb8f3000 rw-p 00000000 00:00 0                          [stack:12656]
7f41fb8f3000-7f41fb8f6000 ---p 00000000 00:00 0 
7f41fb8f6000-7f41fb9f4000 rw-p 00000000 00:00 0                          [stack:12654]
7f41fb9f4000-7f41fb9f7000 ---p 00000000 00:00 0 
7f41fb9f7000-7f41fbaf5000 rw-p 00000000 00:00 0                          [stack:12652]
7f41fbaf5000-7f41fbaf8000 ---p 00000000 00:00 0 
7f41fbaf8000-7f41fbbf6000 rw-p 00000000 00:00 0                          [stack:12650]
7f41fbbf6000-7f41fbbfa000 r-xp 00000000 08:03 6043499                    /usr/lib/jvm/java-7-oracle/jre/lib/amd64/libdt_socket.so
7f41fbbfa000-7f41fbdf9000 ---p 00004000 08:03 6043499                    /usr/lib/jvm/java-7-oracle/jre/lib/amd64/libdt_socket.so
7f41fbdf9000-7f41fbdfa000 rw-p 00003000 08:03 6043499                    /usr/lib/jvm/java-7-oracle/jre/lib/amd64/libdt_socket.so
7f41fbdfa000-7f41fbdff000 r-xp 00000000 08:03 6038112                    /usr/lib/x86_64-linux-gnu/libXdmcp.so.6.0.0
7f41fbdff000-7f41fbffe000 ---p 00005000 08:03 6038112                    /usr/lib/x86_64-linux-gnu/libXdmcp.so.6.0.0
7f41fbffe000-7f41fbfff000 r--p 00004000 08:03 6038112                    /usr/lib/x86_64-linux-gnu/libXdmcp.so.6.0.0
7f41fbfff000-7f41fc000000 rw-p 00005000 08:03 6038112                    /usr/lib/x86_64-linux-gnu/libXdmcp.so.6.0.0
7f41fc000000-7f41fc021000 rw-p 00000000 00:00 0 
7f41fc021000-7f4200000000 ---p 00000000 00:00 0 
7f4200000000-7f4200021000 rw-p 00000000 00:00 0 
7f4200021000-7f4204000000 ---p 00000000 00:00 0 
7f4204000000-7f4204021000 rw-p 00000000 00:00 0 
7f4204021000-7f4208000000 ---p 00000000 00:00 0 
7f4208000000-7f4208021000 rw-p 00000000 00:00 0 
7f4208021000-7f420c000000 ---p 00000000 00:00 0 
7f420c000000-7f420c021000 rw-p 00000000 00:00 0 
7f420c021000-7f4210000000 ---p 00000000 00:00 0 
7f4210012000-7f421002b000 r--p 00000000 08:03 403341                     /usr/share/locale-langpack/pt_BR/LC_MESSAGES/glib20.mo
7f421002b000-7f421004d000 r--p 00000000 08:03 406775                     /usr/share/locale-langpack/pt_BR/LC_MESSAGES/libc.mo
7f421004d000-7f421004f000 r-xp 00000000 08:03 6038101                    /usr/lib/x86_64-linux-gnu/libXau.so.6.0.0
7f421004f000-7f421024f000 ---p 00002000 08:03 6038101                    /usr/lib/x86_64-linux-gnu/libXau.so.6.0.0
7f421024f000-7f4210250000 r--p 00002000 08:03 6038101                    /usr/lib/x86_64-linux-gnu/libXau.so.6.0.0
7f4210250000-7f4210251000 rw-p 00003000 08:03 6038101                    /usr/lib/x86_64-linux-gnu/libXau.so.6.0.0
7f4210251000-7f421026e000 r-xp 00000000 08:03 6039299                    /usr/lib/x86_64-linux-gnu/libxcb.so.1.1.0
7f421026e000-7f421046e000 ---p 0001d000 08:03 6039299                    /usr/lib/x86_64-linux-gnu/libxcb.so.1.1.0
7f421046e000-7f421046f000 r--p 0001d000 08:03 6039299                    /usr/lib/x86_64-linux-gnu/libxcb.so.1.1.0
7f421046f000-7f4210470000 rw-p 0001e000 08:03 6039299                    /usr/lib/x86_64-linux-gnu/libxcb.so.1.1.0
7f4210470000-7f42105a3000 r-xp 00000000 08:03 6038097                    /usr/lib/x86_64-linux-gnu/libX11.so.6.3.0
7f42105a3000-7f42107a3000 ---p 00133000 08:03 6038097                    /usr/lib/x86_64-linux-gnu/libX11.so.6.3.0
7f42107a3000-7f42107a4000 r--p 00133000 08:03 6038097                    /usr/lib/x86_64-linux-gnu/libX11.so.6.3.0
7f42107a4000-7f42107a8000 rw-p 00134000 08:03 6038097                    /usr/lib/x86_64-linux-gnu/libX11.so.6.3.0
7f42107a8000-7f42107a9000 rw-p 00000000 00:00 0 
7f42107b0000-7f42107b7000 r--s 00000000 08:03 134398                     /usr/lib/x86_64-linux-gnu/gconv/gconv-modules.cache
7f42107b7000-7f42107b9000 r--s 00006000 08:03 267178                     /usr/share/java/jayatana.jar
7f42107b9000-7f42107c4000 r--s 0037c000 08:03 6043558                    /usr/lib/jvm/java-7-oracle/jre/lib/charsets.jar
7f42107c4000-7f42107c6000 r-xp 00000000 08:03 6034846                    /usr/lib/jayatana/libjayatanaag.so
7f42107c6000-7f42109c5000 ---p 00002000 08:03 6034846                    /usr/lib/jayatana/libjayatanaag.so
7f42109c5000-7f42109c6000 r--p 00001000 08:03 6034846                    /usr/lib/jayatana/libjayatanaag.so
7f42109c6000-7f42109c7000 rw-p 00002000 08:03 6034846                    /usr/lib/jayatana/libjayatanaag.so
7f42109c7000-7f42109cf000 r--s 00045000 08:11 2073                       /media/edgar/VICTOR/junit-4.12.jar
7f42109cf000-7f42109dc000 r--s 0006a000 08:11 2072                       /media/edgar/VICTOR/xstream-1.4.4.jar
7f42109dc000-7f42109df000 ---p 00000000 00:00 0 
7f42109df000-7f4210add000 rw-p 00000000 00:00 0                          [stack:12647]
7f4210add000-7f4210ae0000 ---p 00000000 00:00 0 
7f4210ae0000-7f4210bde000 rw-p 00000000 00:00 0                          [stack:12646]
7f4210bde000-7f4210be1000 ---p 00000000 00:00 0 
7f4210be1000-7f4210cdf000 rw-p 00000000 00:00 0                          [stack:12645]
7f4210cdf000-7f4210ce0000 ---p 00000000 00:00 0 
7f4210ce0000-7f4211734000 rw-p 00000000 00:00 0                          [stack:12644]
7f4211734000-7f42118f4000 r--s 039fb000 08:03 6043537                    /usr/lib/jvm/java-7-oracle/jre/lib/rt.jar
7f42118f4000-7f4213d5d000 rw-p 00000000 00:00 0 
7f4213d5d000-7f4213d5e000 ---p 00000000 00:00 0 
7f4213d5e000-7f4213e5e000 rw-p 00000000 00:00 0                          [stack:12643]
7f4213e5e000-7f4213e5f000 ---p 00000000 00:00 0 
7f4213e5f000-7f4213f6a000 rw-p 00000000 00:00 0                          [stack:12642]
7f4213f6a000-7f4213f88000 rw-p 00000000 00:00 0 
7f4213f88000-7f4213f9d000 rw-p 00000000 00:00 0 
7f4213f9d000-7f42140d2000 rw-p 00000000 00:00 0 
7f42140d2000-7f42140dd000 rw-p 00000000 00:00 0 
7f42140dd000-7f42140fb000 rw-p 00000000 00:00 0 
7f42140fb000-7f4214110000 rw-p 00000000 00:00 0 
7f4214110000-7f4214245000 rw-p 00000000 00:00 0 
7f4214245000-7f4214258000 rw-p 00000000 00:00 0 
7f4214258000-7f42142ea000 rw-p 00000000 00:00 0 
7f42142ea000-7f42142eb000 rw-p 00000000 00:00 0 
7f42142eb000-7f421455b000 rwxp 00000000 00:00 0 
7f421455b000-7f42172eb000 rw-p 00000000 00:00 0 
7f42172eb000-7f4217302000 r-xp 00000000 08:03 6043486                    /usr/lib/jvm/java-7-oracle/jre/lib/amd64/libzip.so
7f4217302000-7f4217502000 ---p 00017000 08:03 6043486                    /usr/lib/jvm/java-7-oracle/jre/lib/amd64/libzip.so
7f4217502000-7f4217503000 rw-p 00017000 08:03 6043486                    /usr/lib/jvm/java-7-oracle/jre/lib/amd64/libzip.so
7f4217503000-7f421750f000 r-xp 00000000 08:03 6295841                    /lib/x86_64-linux-gnu/libnss_files-2.21.so
7f421750f000-7f421770e000 ---p 0000c000 08:03 6295841                    /lib/x86_64-linux-gnu/libnss_files-2.21.so
7f421770e000-7f421770f000 r--p 0000b000 08:03 6295841                    /lib/x86_64-linux-gnu/libnss_files-2.21.so
7f421770f000-7f4217710000 rw-p 0000c000 08:03 6295841                    /lib/x86_64-linux-gnu/libnss_files-2.21.so
7f4217710000-7f421771b000 r-xp 00000000 08:03 6295851                    /lib/x86_64-linux-gnu/libnss_nis-2.21.so
7f421771b000-7f421791a000 ---p 0000b000 08:03 6295851                    /lib/x86_64-linux-gnu/libnss_nis-2.21.so
7f421791a000-7f421791b000 r--p 0000a000 08:03 6295851                    /lib/x86_64-linux-gnu/libnss_nis-2.21.so
7f421791b000-7f421791c000 rw-p 0000b000 08:03 6295851                    /lib/x86_64-linux-gnu/libnss_nis-2.21.so
7f421791c000-7f4218000000 r--p 00000000 08:03 6037080                    /usr/lib/locale/locale-archive
7f4218000000-7f42183d1000 rw-p 00000000 00:00 0 
7f42183d1000-7f421c000000 ---p 00000000 00:00 0 
7f421c000000-7f421c001000 rw-p 00000000 00:00 0 
7f421c001000-7f421c015000 r--s 00113000 08:11 1797                       /media/edgar/VICTOR/JTattoo-1.6.11.jar
7f421c015000-7f421c02c000 r-xp 00000000 08:03 6295835                    /lib/x86_64-linux-gnu/libnsl-2.21.so
7f421c02c000-7f421c22b000 ---p 00017000 08:03 6295835                    /lib/x86_64-linux-gnu/libnsl-2.21.so
7f421c22b000-7f421c22c000 r--p 00016000 08:03 6295835                    /lib/x86_64-linux-gnu/libnsl-2.21.so
7f421c22c000-7f421c22d000 rw-p 00017000 08:03 6295835                    /lib/x86_64-linux-gnu/libnsl-2.21.so
7f421c22d000-7f421c22f000 rw-p 00000000 00:00 0 
7f421c22f000-7f421c237000 r-xp 00000000 08:03 6295837                    /lib/x86_64-linux-gnu/libnss_compat-2.21.so
7f421c237000-7f421c436000 ---p 00008000 08:03 6295837                    /lib/x86_64-linux-gnu/libnss_compat-2.21.so
7f421c436000-7f421c437000 r--p 00007000 08:03 6295837                    /lib/x86_64-linux-gnu/libnss_compat-2.21.so
7f421c437000-7f421c438000 rw-p 00008000 08:03 6295837                    /lib/x86_64-linux-gnu/libnss_compat-2.21.so
7f421c438000-7f421c43a000 r-xp 00000000 08:03 6043500                    /usr/lib/jvm/java-7-oracle/jre/lib/amd64/libnpt.so
7f421c43a000-7f421c63a000 ---p 00002000 08:03 6043500                    /usr/lib/jvm/java-7-oracle/jre/lib/amd64/libnpt.so
7f421c63a000-7f421c63b000 rw-p 00002000 08:03 6043500                    /usr/lib/jvm/java-7-oracle/jre/lib/amd64/libnpt.so
7f421c63b000-7f421c674000 r-xp 00000000 08:03 6043459                    /usr/lib/jvm/java-7-oracle/jre/lib/amd64/libjdwp.so
7f421c674000-7f421c874000 ---p 00039000 08:03 6043459                    /usr/lib/jvm/java-7-oracle/jre/lib/amd64/libjdwp.so
7f421c874000-7f421c875000 rw-p 00039000 08:03 6043459                    /usr/lib/jvm/java-7-oracle/jre/lib/amd64/libjdwp.so
7f421c875000-7f421c876000 rw-p 00000000 00:00 0 
7f421c876000-7f421c880000 r-xp 00000000 08:03 6043495                    /usr/lib/jvm/java-7-oracle/jre/lib/amd64/libinstrument.so
7f421c880000-7f421ca7f000 ---p 0000a000 08:03 6043495                    /usr/lib/jvm/java-7-oracle/jre/lib/amd64/libinstrument.so
7f421ca7f000-7f421ca80000 rw-p 00009000 08:03 6043495                    /usr/lib/jvm/java-7-oracle/jre/lib/amd64/libinstrument.so
7f421ca80000-7f421caa9000 r-xp 00000000 08:03 6043452                    /usr/lib/jvm/java-7-oracle/jre/lib/amd64/libjava.so
7f421caa9000-7f421cca9000 ---p 00029000 08:03 6043452                    /usr/lib/jvm/java-7-oracle/jre/lib/amd64/libjava.so
7f421cca9000-7f421ccab000 rw-p 00029000 08:03 6043452                    /usr/lib/jvm/java-7-oracle/jre/lib/amd64/libjava.so
7f421ccab000-7f421ccb8000 r-xp 00000000 08:03 6043479                    /usr/lib/jvm/java-7-oracle/jre/lib/amd64/libverify.so
7f421ccb8000-7f421ceb7000 ---p 0000d000 08:03 6043479                    /usr/lib/jvm/java-7-oracle/jre/lib/amd64/libverify.so
7f421ceb7000-7f421ceb9000 rw-p 0000c000 08:03 6043479                    /usr/lib/jvm/java-7-oracle/jre/lib/amd64/libverify.so
7f421ceb9000-7f421cec0000 r-xp 00000000 08:03 6295896                    /lib/x86_64-linux-gnu/librt-2.21.so
7f421cec0000-7f421d0bf000 ---p 00007000 08:03 6295896                    /lib/x86_64-linux-gnu/librt-2.21.so
7f421d0bf000-7f421d0c0000 r--p 00006000 08:03 6295896                    /lib/x86_64-linux-gnu/librt-2.21.so
7f421d0c0000-7f421d0c1000 rw-p 00007000 08:03 6295896                    /lib/x86_64-linux-gnu/librt-2.21.so
7f421d0c1000-7f421d1c8000 r-xp 00000000 08:03 6295814                    /lib/x86_64-linux-gnu/libm-2.21.so
7f421d1c8000-7f421d3c7000 ---p 00107000 08:03 6295814                    /lib/x86_64-linux-gnu/libm-2.21.so
7f421d3c7000-7f421d3c8000 r--p 00106000 08:03 6295814                    /lib/x86_64-linux-gnu/libm-2.21.so
7f421d3c8000-7f421d3c9000 rw-p 00107000 08:03 6295814                    /lib/x86_64-linux-gnu/libm-2.21.so
7f421d3c9000-7f421df3f000 r-xp 00000000 08:03 6169123                    /usr/lib/jvm/java-7-oracle/jre/lib/amd64/server/libjvm.so
7f421df3f000-7f421e13e000 ---p 00b76000 08:03 6169123                    /usr/lib/jvm/java-7-oracle/jre/lib/amd64/server/libjvm.so
7f421e13e000-7f421e202000 rw-p 00b75000 08:03 6169123                    /usr/lib/jvm/java-7-oracle/jre/lib/amd64/server/libjvm.so
7f421e202000-7f421e243000 rw-p 00000000 00:00 0 
7f421e243000-7f421e403000 r-xp 00000000 08:03 6295755                    /lib/x86_64-linux-gnu/libc-2.21.so
7f421e403000-7f421e603000 ---p 001c0000 08:03 6295755                    /lib/x86_64-linux-gnu/libc-2.21.so
7f421e603000-7f421e607000 r--p 001c0000 08:03 6295755                    /lib/x86_64-linux-gnu/libc-2.21.so
7f421e607000-7f421e609000 rw-p 001c4000 08:03 6295755                    /lib/x86_64-linux-gnu/libc-2.21.so
7f421e609000-7f421e60d000 rw-p 00000000 00:00 0 
7f421e60d000-7f421e610000 r-xp 00000000 08:03 6295772                    /lib/x86_64-linux-gnu/libdl-2.21.so
7f421e610000-7f421e80f000 ---p 00003000 08:03 6295772                    /lib/x86_64-linux-gnu/libdl-2.21.so
7f421e80f000-7f421e810000 r--p 00002000 08:03 6295772                    /lib/x86_64-linux-gnu/libdl-2.21.so
7f421e810000-7f421e811000 rw-p 00003000 08:03 6295772                    /lib/x86_64-linux-gnu/libdl-2.21.so
7f421e811000-7f421e826000 r-xp 00000000 08:03 663705                     /usr/lib/jvm/java-7-oracle/lib/amd64/jli/libjli.so
7f421e826000-7f421ea25000 ---p 00015000 08:03 663705                     /usr/lib/jvm/java-7-oracle/lib/amd64/jli/libjli.so
7f421ea25000-7f421ea26000 rw-p 00014000 08:03 663705                     /usr/lib/jvm/java-7-oracle/lib/amd64/jli/libjli.so
7f421ea26000-7f421ea3e000 r-xp 00000000 08:03 6295888                    /lib/x86_64-linux-gnu/libpthread-2.21.so
7f421ea3e000-7f421ec3e000 ---p 00018000 08:03 6295888                    /lib/x86_64-linux-gnu/libpthread-2.21.so
7f421ec3e000-7f421ec3f000 r--p 00018000 08:03 6295888                    /lib/x86_64-linux-gnu/libpthread-2.21.so
7f421ec3f000-7f421ec40000 rw-p 00019000 08:03 6295888                    /lib/x86_64-linux-gnu/libpthread-2.21.so
7f421ec40000-7f421ec44000 rw-p 00000000 00:00 0 
7f421ec44000-7f421ec68000 r-xp 00000000 08:03 6295727                    /lib/x86_64-linux-gnu/ld-2.21.so
7f421ec68000-7f421ec69000 r--p 00000000 08:03 403343                     /usr/share/locale-langpack/pt_BR/LC_MESSAGES/libdbusmenu.mo
7f421ec69000-7f421ec70000 r--s 0004d000 08:11 1776                       /media/edgar/VICTOR/liquidlnf.jar
7f421ec70000-7f421ec8f000 rw-p 00000000 00:00 0 
7f421ec8f000-7f421ed45000 rw-p 00000000 00:00 0 
7f421ed45000-7f421ed48000 ---p 00000000 00:00 0 
7f421ed48000-7f421ee4a000 rw-p 00000000 00:00 0                          [stack:12637]
7f421ee4a000-7f421ee4b000 r--s 00000000 08:03 267179                     /usr/share/java/jayatanaag.jar
7f421ee4b000-7f421ee51000 r--s 0002b000 08:11 1781                       /media/edgar/VICTOR/jgoodies-binding-2.13.0/jgoodies-binding-2.13.0.jar
7f421ee51000-7f421ee5b000 r--s 000e4000 08:11 1783                       /media/edgar/VICTOR/mysql-connector-java-5.1.36/mysql-connector-java-5.1.36-bin.jar
7f421ee5b000-7f421ee63000 rw-s 00000000 08:03 3932484                    /tmp/hsperfdata_edgar/12635
7f421ee63000-7f421ee64000 rw-p 00000000 00:00 0 
7f421ee64000-7f421ee65000 r--p 00000000 00:00 0 
7f421ee65000-7f421ee67000 rw-p 00000000 00:00 0 
7f421ee67000-7f421ee68000 r--p 00023000 08:03 6295727                    /lib/x86_64-linux-gnu/ld-2.21.so
7f421ee68000-7f421ee69000 rw-p 00024000 08:03 6295727                    /lib/x86_64-linux-gnu/ld-2.21.so
7f421ee69000-7f421ee6a000 rw-p 00000000 00:00 0 
7ffd6754e000-7ffd6756f000 rw-p 00000000 00:00 0                          [stack]
7ffd675bc000-7ffd675be000 r--p 00000000 00:00 0                          [vvar]
7ffd675be000-7ffd675c0000 r-xp 00000000 00:00 0                          [vdso]
ffffffffff600000-ffffffffff601000 r-xp 00000000 00:00 0                  [vsyscall]

VM Arguments:
jvm_args: -javaagent:/usr/share/java/jayatanaag.jar -agentlib:jdwp=transport=dt_socket,suspend=y,address=localhost:43399 -Dfile.encoding=UTF-8 
java_command: br.com.tecnonoticias.exemplo.Jmenus
Launcher Type: SUN_STANDARD

Environment Variables:
JAVA_HOME=/usr/lib/jvm/java-8-oracle
JAVA_TOOL_OPTIONS=-javaagent:/usr/share/java/jayatanaag.jar 
CLASSPATH=/usr/lib/jvm/java-8-oracle/bin:/media/edgar/VICTOR/JLayer1.0.1/jl1.0.1.jar
PATH=/usr/local/sbin:/usr/local/bin:/usr/sbin:/usr/bin:/sbin:/bin:/usr/games:/usr/local/games:/usr/lib/jvm/java-8-oracle/bin:/usr/lib/jvm/java-8-oracle/db/bin:/usr/lib/jvm/java-8-oracle/jre/bin
SHELL=/bin/bash
DISPLAY=:0

Signal Handlers:
SIGSEGV: [libjvm.so+0x9a3b20], sa_mask[0]=0x7ffbfeff, sa_flags=0x10000004
SIGBUS: [libjvm.so+0x9a3b20], sa_mask[0]=0x7ffbfeff, sa_flags=0x10000004
SIGFPE: [libjvm.so+0x81e740], sa_mask[0]=0x7ffbfeff, sa_flags=0x10000004
SIGPIPE: SIG_IGN, sa_mask[0]=0x00001000, sa_flags=0x10000000
SIGXFSZ: [libjvm.so+0x81e740], sa_mask[0]=0x7ffbfeff, sa_flags=0x10000004
SIGILL: [libjvm.so+0x81e740], sa_mask[0]=0x7ffbfeff, sa_flags=0x10000004
SIGUSR1: SIG_DFL, sa_mask[0]=0x00000000, sa_flags=0x00000000
SIGUSR2: [libjvm.so+0x81ffb0], sa_mask[0]=0x00000004, sa_flags=0x10000004
SIGHUP: [libjvm.so+0x8210d0], sa_mask[0]=0x7ffbfeff, sa_flags=0x10000004
SIGINT: [libjvm.so+0x8210d0], sa_mask[0]=0x7ffbfeff, sa_flags=0x10000004
SIGTERM: [libjvm.so+0x8210d0], sa_mask[0]=0x7ffbfeff, sa_flags=0x10000004
SIGQUIT: [libjvm.so+0x8210d0], sa_mask[0]=0x7ffbfeff, sa_flags=0x10000004


---------------  S Y S T E M  ---------------

OS:jessie/sid

uname:Linux 3.19.0-30-generic #34-Ubuntu SMP Fri Oct 2 22:08:41 UTC 2015 x86_64
libc:glibc 2.21 NPTL 2.21 
rlimit: STACK 8192k, CORE 0k, NPROC 15463, NOFILE 65536, AS infinity
load average:2,53 1,29 0,99

/proc/meminfo:
MemTotal:        4046884 kB
MemFree:          172772 kB
MemAvailable:     414796 kB
Buffers:           34272 kB
Cached:           499652 kB
SwapCached:        37940 kB
Active:          2092464 kB
Inactive:        1124368 kB
Active(anon):    1862844 kB
Inactive(anon):   988716 kB
Active(file):     229620 kB
Inactive(file):   135652 kB
Unevictable:          32 kB
Mlocked:              32 kB
SwapTotal:       2440188 kB
SwapFree:        2221536 kB
Dirty:               200 kB
Writeback:             0 kB
AnonPages:       2647240 kB
Mapped:           323836 kB
Shmem:            168652 kB
Slab:             124156 kB
SReclaimable:      91388 kB
SUnreclaim:        32768 kB
KernelStack:        8736 kB
PageTables:        40112 kB
NFS_Unstable:          0 kB
Bounce:                0 kB
WritebackTmp:          0 kB
CommitLimit:     4463628 kB
Committed_AS:    7445376 kB
VmallocTotal:   34359738367 kB
VmallocUsed:      308808 kB
VmallocChunk:   34359393484 kB
HardwareCorrupted:     0 kB
AnonHugePages:   1083392 kB
CmaTotal:              0 kB
CmaFree:               0 kB
HugePages_Total:       0
HugePages_Free:        0
HugePages_Rsvd:        0
HugePages_Surp:        0
Hugepagesize:       2048 kB
DirectMap4k:     2766464 kB
DirectMap2M:     1427456 kB
DirectMap1G:     2097152 kB


CPU:total 2 (2 cores per cpu, 1 threads per core) family 16 model 4 stepping 3, cmov, cx8, fxsr, mmx, sse, sse2, sse3, popcnt, mmxext, 3dnowpref, lzcnt, sse4a, tsc, tscinvbit, tscinv

/proc/cpuinfo:
processor	: 0
vendor_id	: AuthenticAMD
cpu family	: 16
model		: 4
model name	: AMD Phenom(tm) II X2 555 Processor
stepping	: 3
microcode	: 0x10000b6
cpu MHz		: 3200.000
cache size	: 512 KB
physical id	: 0
siblings	: 2
core id		: 0
cpu cores	: 2
apicid		: 0
initial apicid	: 0
fpu		: yes
fpu_exception	: yes
cpuid level	: 5
wp		: yes
flags		: fpu vme de pse tsc msr pae mce cx8 apic sep mtrr pge mca cmov pat pse36 clflush mmx fxsr sse sse2 ht syscall nx mmxext fxsr_opt pdpe1gb rdtscp lm 3dnowext 3dnow constant_tsc rep_good nopl nonstop_tsc extd_apicid pni monitor cx16 popcnt lahf_lm cmp_legacy svm extapic cr8_legacy abm sse4a misalignsse 3dnowprefetch osvw ibs skinit wdt hw_pstate npt lbrv svm_lock nrip_save vmmcall
bugs		: tlb_mmatch fxsave_leak
bogomips	: 6429.94
TLB size	: 1024 4K pages
clflush size	: 64
cache_alignment	: 64
address sizes	: 48 bits physical, 48 bits virtual
power management: ts ttp tm stc 100mhzsteps hwpstate

processor	: 1
vendor_id	: AuthenticAMD
cpu family	: 16
model		: 4
model name	: AMD Phenom(tm) II X2 555 Processor
stepping	: 3
microcode	: 0x10000b6
cpu MHz		: 2500.000
cache size	: 512 KB
physical id	: 0
siblings	: 2
core id		: 1
cpu cores	: 2
apicid		: 1
initial apicid	: 1
fpu		: yes
fpu_exception	: yes
cpuid level	: 5
wp		: yes
flags		: fpu vme de pse tsc msr pae mce cx8 apic sep mtrr pge mca cmov pat pse36 clflush mmx fxsr sse sse2 ht syscall nx mmxext fxsr_opt pdpe1gb rdtscp lm 3dnowext 3dnow constant_tsc rep_good nopl nonstop_tsc extd_apicid pni monitor cx16 popcnt lahf_lm cmp_legacy svm extapic cr8_legacy abm sse4a misalignsse 3dnowprefetch osvw ibs skinit wdt hw_pstate npt lbrv svm_lock nrip_save vmmcall
bugs		: tlb_mmatch fxsave_leak
bogomips	: 6429.94
TLB size	: 1024 4K pages
clflush size	: 64
cache_alignment	: 64
address sizes	: 48 bits physical, 48 bits virtual
power management: ts ttp tm stc 100mhzsteps hwpstate



Memory: 4k page, physical 4046884k(172772k free), swap 2440188k(2221536k free)

vm_info: Java HotSpot(TM) 64-Bit Server VM (24.80-b11) for linux-amd64 JRE (1.7.0_80-b15), built on Apr 10 2015 19:53:14 by "java_re" with gcc 4.3.0 20080428 (Red Hat 4.3.0-8)

time: Mon Oct 12 19:35:18 2015
elapsed time: 13 seconds

